
> build
> next build

Attention: Next.js now collects completely anonymous telemetry regarding usage.
This information is used to shape Next.js' roadmap and prioritize features.
You can learn more, including how to opt-out if you'd not like to participate in this anonymous program, by visiting the following URL:
https://nextjs.org/telemetry

   ▲ Next.js 15.5.6

   Creating an optimized production build ...
Failed to compile.

./app/auth/confirm/route.ts
Module not found: Can't resolve '@/lib/supabase/server'

https://nextjs.org/docs/messages/module-not-found

./app/auth/error/page.tsx
Module not found: Can't resolve '@/components/ui/card'

https://nextjs.org/docs/messages/module-not-found

./app/auth/forgot-password/page.tsx
Module not found: Can't resolve '@/components/forgot-password-form'

https://nextjs.org/docs/messages/module-not-found

./app/auth/login/page.tsx
Module not found: Can't resolve '@/components/login-form'

https://nextjs.org/docs/messages/module-not-found

./app/auth/sign-up-success/page.tsx
Module not found: Can't resolve '@/components/ui/card'

https://nextjs.org/docs/messages/module-not-found


> Build failed because of webpack errors
